<?xml version="1.0" encoding="UTF-8" ?>
<testsuite tests="7" failures="0" name="testRunners.TestRunner" time="88.783" errors="0" skipped="0">
  <properties>
[...]
</properties>
  <testcase classname="Test google map" name="Search a place" time="13.167"/>
  <testcase classname="Test google map" name="Search with coordinates" time="9.079"/>
  <testcase classname="Test google map" name="Search route for a destination #1" time="13.848"/>
  <testcase classname="Test google map" name="Search route for a destination #2" time="11.61"/>
  <testcase classname="Test google map" name="Add destinations in route" time="18.218"/>
  <testcase classname="Test google map" name="Search for an invalid place" time="12.658"/>
  <testcase classname="Test google map" name="Search for an invalid route" time="10.203"/>
</testsuite>